app/build/intermediates/manifest_merge_blame_file/debug/manifest-merger-blame-debug-report.txt
1<?xml version="1.0" encoding="utf-8"?>
2<manifest xmlns:android="http://schemas.android.com/apk/res/android"
3    package="com.app.craniowake"
4    android:versionCode="1"
5    android:versionName="1.0" >
6
7    <uses-sdk
8        android:minSdkVersion="26"
8-->src\main\AndroidManifest.xml
9        android:targetSdkVersion="30" />
9-->src\main\AndroidManifest.xml
10
11    <application
11-->src\main\AndroidManifest.xml:5:5-116:19
12        android:allowBackup="false"
12-->src\main\AndroidManifest.xml:6:9-36
13        android:appComponentFactory="androidx.core.app.CoreComponentFactory"
13-->[androidx.core:core:1.3.1] AndroidManifest.xml:24:18-86
14        android:debuggable="true"
15        android:extractNativeLibs="false"
16        android:icon="@mipmap/ic_launcher"
16-->src\main\AndroidManifest.xml:7:9-43
17        android:label="Craniowake"
17-->src\main\AndroidManifest.xml:8:9-35
18        android:roundIcon="@mipmap/ic_launcher_round"
18-->src\main\AndroidManifest.xml:9:9-54
19        android:screenOrientation="landscape"
19-->src\main\AndroidManifest.xml:10:9-46
20        android:supportsRtl="true"
20-->src\main\AndroidManifest.xml:11:9-35
21        android:testOnly="true"
21-->src\main\AndroidManifest.xml:12:9-33
22        android:theme="@style/AppTheme.NoActionBar" >
22-->src\main\AndroidManifest.xml:13:9-52
23        <activity
23-->src\main\AndroidManifest.xml:14:9-22:20
24            android:name="com.app.craniowake.view.MainActivity"
24-->src\main\AndroidManifest.xml:15:13-46
25            android:configChanges="keyboardHidden|orientation"
25-->src\main\AndroidManifest.xml:16:13-63
26            android:screenOrientation="landscape" >
26-->src\main\AndroidManifest.xml:17:13-50
27            <intent-filter>
27-->src\main\AndroidManifest.xml:18:13-21:29
28                <action android:name="android.intent.action.MAIN" />
28-->src\main\AndroidManifest.xml:19:17-69
28-->src\main\AndroidManifest.xml:19:25-66
29
30                <category android:name="android.intent.category.LAUNCHER" />
30-->src\main\AndroidManifest.xml:20:17-77
30-->src\main\AndroidManifest.xml:20:27-74
31            </intent-filter>
32        </activity>
33        <activity
33-->src\main\AndroidManifest.xml:23:9-26:53
34            android:name="com.app.craniowake.view.games.TokenActivity"
34-->src\main\AndroidManifest.xml:24:13-71
35            android:configChanges="keyboardHidden|orientation"
35-->src\main\AndroidManifest.xml:25:13-63
36            android:screenOrientation="landscape" />
36-->src\main\AndroidManifest.xml:26:13-50
37        <activity
37-->src\main\AndroidManifest.xml:27:9-30:53
38            android:name="com.app.craniowake.view.OperationActivity"
38-->src\main\AndroidManifest.xml:28:13-69
39            android:configChanges="keyboardHidden|orientation"
39-->src\main\AndroidManifest.xml:29:13-63
40            android:screenOrientation="landscape" />
40-->src\main\AndroidManifest.xml:30:13-50
41        <activity
41-->src\main\AndroidManifest.xml:31:9-34:53
42            android:name="com.app.craniowake.view.games.CalculusActivity"
42-->src\main\AndroidManifest.xml:32:13-74
43            android:configChanges="keyboardHidden|orientation"
43-->src\main\AndroidManifest.xml:33:13-63
44            android:screenOrientation="landscape" />
44-->src\main\AndroidManifest.xml:34:13-50
45        <activity
45-->src\main\AndroidManifest.xml:35:9-38:53
46            android:name="com.app.craniowake.view.games.ReadActivity"
46-->src\main\AndroidManifest.xml:36:13-70
47            android:configChanges="keyboardHidden|orientation"
47-->src\main\AndroidManifest.xml:37:13-63
48            android:screenOrientation="landscape" />
48-->src\main\AndroidManifest.xml:38:13-50
49        <activity
49-->src\main\AndroidManifest.xml:39:9-42:53
50            android:name="com.app.craniowake.view.games.PictureActivity"
50-->src\main\AndroidManifest.xml:40:13-73
51            android:configChanges="keyboardHidden|orientation"
51-->src\main\AndroidManifest.xml:41:13-63
52            android:screenOrientation="landscape" />
52-->src\main\AndroidManifest.xml:42:13-50
53        <activity
53-->src\main\AndroidManifest.xml:43:9-46:53
54            android:name="com.app.craniowake.view.games.PpttActivity"
54-->src\main\AndroidManifest.xml:44:13-70
55            android:configChanges="keyboardHidden|orientation"
55-->src\main\AndroidManifest.xml:45:13-63
56            android:screenOrientation="landscape" />
56-->src\main\AndroidManifest.xml:46:13-50
57        <activity
57-->src\main\AndroidManifest.xml:47:9-50:53
58            android:name="com.app.craniowake.view.games.StroopActivity"
58-->src\main\AndroidManifest.xml:48:13-72
59            android:configChanges="keyboardHidden|orientation"
59-->src\main\AndroidManifest.xml:49:13-63
60            android:screenOrientation="landscape" />
60-->src\main\AndroidManifest.xml:50:13-50
61        <activity
61-->src\main\AndroidManifest.xml:51:9-54:53
62            android:name="com.app.craniowake.view.games.FourSquareActivity"
62-->src\main\AndroidManifest.xml:52:13-76
63            android:configChanges="keyboardHidden|orientation"
63-->src\main\AndroidManifest.xml:53:13-63
64            android:screenOrientation="landscape" />
64-->src\main\AndroidManifest.xml:54:13-50
65        <activity
65-->src\main\AndroidManifest.xml:55:9-58:53
66            android:name="com.app.craniowake.view.games.LineBisectionActivity"
66-->src\main\AndroidManifest.xml:56:13-79
67            android:configChanges="keyboardHidden|orientation"
67-->src\main\AndroidManifest.xml:57:13-63
68            android:screenOrientation="landscape" />
68-->src\main\AndroidManifest.xml:58:13-50
69        <activity
69-->src\main\AndroidManifest.xml:59:9-62:53
70            android:name="com.app.craniowake.view.games.DigitalSpanMemoryActivity"
70-->src\main\AndroidManifest.xml:60:13-83
71            android:configChanges="keyboardHidden|orientation"
71-->src\main\AndroidManifest.xml:61:13-63
72            android:screenOrientation="landscape" />
72-->src\main\AndroidManifest.xml:62:13-50
73        <activity
73-->src\main\AndroidManifest.xml:63:9-66:53
74            android:name="com.app.craniowake.view.games.TrailMakingActivity"
74-->src\main\AndroidManifest.xml:64:13-77
75            android:configChanges="keyboardHidden|orientation"
75-->src\main\AndroidManifest.xml:65:13-63
76            android:screenOrientation="landscape" />
76-->src\main\AndroidManifest.xml:66:13-50
77        <activity
77-->src\main\AndroidManifest.xml:67:9-70:53
78            android:name="com.app.craniowake.view.games.displayResults.BaseResultActivity"
78-->src\main\AndroidManifest.xml:68:13-73
79            android:configChanges="keyboardHidden|orientation"
79-->src\main\AndroidManifest.xml:69:13-63
80            android:screenOrientation="landscape" />
80-->src\main\AndroidManifest.xml:70:13-50
81        <activity
81-->src\main\AndroidManifest.xml:71:9-74:53
82            android:name="com.app.craniowake.view.games.displayResults.ModiBaseResultActivity"
82-->src\main\AndroidManifest.xml:72:13-77
83            android:configChanges="keyboardHidden|orientation"
83-->src\main\AndroidManifest.xml:73:13-63
84            android:screenOrientation="landscape" />
84-->src\main\AndroidManifest.xml:74:13-50
85        <activity
85-->src\main\AndroidManifest.xml:75:9-78:53
86            android:name="com.app.craniowake.view.games.displayResults.ReadResultActivity"
86-->src\main\AndroidManifest.xml:76:13-73
87            android:configChanges="keyboardHidden|orientation"
87-->src\main\AndroidManifest.xml:77:13-63
88            android:screenOrientation="landscape" />
88-->src\main\AndroidManifest.xml:78:13-50
89        <activity
89-->src\main\AndroidManifest.xml:79:9-82:53
90            android:name="com.app.craniowake.view.games.displayResults.ReactionResultActivity"
90-->src\main\AndroidManifest.xml:80:13-77
91            android:configChanges="keyboardHidden|orientation"
91-->src\main\AndroidManifest.xml:81:13-63
92            android:screenOrientation="landscape" />
92-->src\main\AndroidManifest.xml:82:13-50
93        <activity
93-->src\main\AndroidManifest.xml:83:9-86:53
94            android:name="com.app.craniowake.view.games.displayResults.FourSquareResultActivity"
94-->src\main\AndroidManifest.xml:84:13-79
95            android:configChanges="keyboardHidden|orientation"
95-->src\main\AndroidManifest.xml:85:13-63
96            android:screenOrientation="landscape" />
96-->src\main\AndroidManifest.xml:86:13-50
97        <activity
97-->src\main\AndroidManifest.xml:87:9-90:53
98            android:name="com.app.craniowake.view.games.ReactionActivity"
98-->src\main\AndroidManifest.xml:88:13-74
99            android:configChanges="keyboardHidden|orientation"
99-->src\main\AndroidManifest.xml:89:13-63
100            android:screenOrientation="landscape" />
100-->src\main\AndroidManifest.xml:90:13-50
101        <activity
101-->src\main\AndroidManifest.xml:91:9-94:53
102            android:name="com.app.craniowake.view.stimulation.TreshholdTestActivity"
102-->src\main\AndroidManifest.xml:92:13-85
103            android:configChanges="keyboardHidden|orientation"
103-->src\main\AndroidManifest.xml:93:13-63
104            android:screenOrientation="landscape" />
104-->src\main\AndroidManifest.xml:94:13-50
105        <activity
105-->src\main\AndroidManifest.xml:95:9-98:53
106            android:name="com.app.craniowake.view.stimulation.VerificationTestActivity"
106-->src\main\AndroidManifest.xml:96:13-88
107            android:configChanges="keyboardHidden|orientation"
107-->src\main\AndroidManifest.xml:97:13-63
108            android:screenOrientation="landscape" />
108-->src\main\AndroidManifest.xml:98:13-50
109        <activity
109-->src\main\AndroidManifest.xml:99:9-102:53
110            android:name="com.app.craniowake.view.stimulation.StimulationActivity"
110-->src\main\AndroidManifest.xml:100:13-83
111            android:configChanges="keyboardHidden|orientation"
111-->src\main\AndroidManifest.xml:101:13-63
112            android:screenOrientation="landscape" />
112-->src\main\AndroidManifest.xml:102:13-50
113        <activity
113-->src\main\AndroidManifest.xml:103:9-106:53
114            android:name="com.app.craniowake.view.patient.PatientActivity"
114-->src\main\AndroidManifest.xml:104:13-75
115            android:configChanges="keyboardHidden|orientation"
115-->src\main\AndroidManifest.xml:105:13-63
116            android:screenOrientation="landscape" />
116-->src\main\AndroidManifest.xml:106:13-50
117        <activity
117-->src\main\AndroidManifest.xml:107:9-110:53
118            android:name="com.app.craniowake.view.patient.AddPatientActivity"
118-->src\main\AndroidManifest.xml:108:13-78
119            android:configChanges="keyboardHidden|orientation"
119-->src\main\AndroidManifest.xml:109:13-63
120            android:screenOrientation="landscape" />
120-->src\main\AndroidManifest.xml:110:13-50
121        <activity
121-->src\main\AndroidManifest.xml:111:9-114:53
122            android:name="com.app.craniowake.view.patient.PatientListActivity"
122-->src\main\AndroidManifest.xml:112:13-79
123            android:configChanges="keyboardHidden|orientation"
123-->src\main\AndroidManifest.xml:113:13-63
124            android:screenOrientation="landscape" />
124-->src\main\AndroidManifest.xml:114:13-50
125
126        <service
126-->[androidx.room:room-runtime:2.2.6] AndroidManifest.xml:25:9-28:40
127            android:name="androidx.room.MultiInstanceInvalidationService"
127-->[androidx.room:room-runtime:2.2.6] AndroidManifest.xml:26:13-74
128            android:directBootAware="true"
128-->[androidx.room:room-runtime:2.2.6] AndroidManifest.xml:27:13-43
129            android:exported="false" />
129-->[androidx.room:room-runtime:2.2.6] AndroidManifest.xml:28:13-37
130
131        <provider
131-->[androidx.lifecycle:lifecycle-process:2.3.0] AndroidManifest.xml:25:9-29:43
132            android:name="androidx.lifecycle.ProcessLifecycleOwnerInitializer"
132-->[androidx.lifecycle:lifecycle-process:2.3.0] AndroidManifest.xml:26:13-79
133            android:authorities="com.app.craniowake.lifecycle-process"
133-->[androidx.lifecycle:lifecycle-process:2.3.0] AndroidManifest.xml:27:13-69
134            android:exported="false"
134-->[androidx.lifecycle:lifecycle-process:2.3.0] AndroidManifest.xml:28:13-37
135            android:multiprocess="true" />
135-->[androidx.lifecycle:lifecycle-process:2.3.0] AndroidManifest.xml:29:13-40
136    </application>
137
138</manifest>